<?xml version="1.0" encoding="UTF-8"?>
<!-- Generated by org.testng.reporters.JUnitReportReporter -->
<testsuite hostname="LAPTOP-SUKUAT4Q" failures="0" tests="2" name="workingWithUnitTestingTool.workingWithInnvocationCount" time="15.273" errors="0" timestamp="2024-03-07T15:25:25 IST" skipped="0">
  <testcase classname="workingWithUnitTestingTool.workingWithInnvocationCount" name="run" time="7.615"/>
  <system-out/>
  <testcase classname="workingWithUnitTestingTool.workingWithInnvocationCount" name="run" time="7.658"/>
  <system-out/>
</testsuite> <!-- workingWithUnitTestingTool.workingWithInnvocationCount -->
