<?xml version="1.0" encoding="UTF-8"?>
<!-- Generated by org.testng.reporters.JUnitReportReporter -->
<testsuite hostname="LAPTOP-SUKUAT4Q" failures="0" tests="3" name="workingWithUnitTestingTool.WorkingWithDependGroups" time="27.679" errors="0" timestamp="2024-03-08T16:39:52 IST" skipped="0">
  <testcase classname="workingWithUnitTestingTool.WorkingWithDependGroups" name="motorola" time="10.498"/>
  <system-out/>
  <testcase classname="workingWithUnitTestingTool.WorkingWithDependGroups" name="samsung" time="7.827"/>
  <system-out/>
  <testcase classname="workingWithUnitTestingTool.WorkingWithDependGroups" name="nothing" time="9.354"/>
  <system-out/>
</testsuite> <!-- workingWithUnitTestingTool.WorkingWithDependGroups -->
