<?xml version="1.0" encoding="UTF-8"?>
<!-- Generated by org.testng.reporters.JUnitReportReporter -->
<testsuite hostname="LAPTOP-SUKUAT4Q" failures="0" tests="1" name="workingWithPOM.Tc_login_001" time="5.695" errors="0" timestamp="2024-03-19T16:45:01 IST" skipped="0">
  <testcase classname="workingWithPOM.Tc_login_001" name="login" time="5.695"/>
  <system-out/>
</testsuite> <!-- workingWithPOM.Tc_login_001 -->
