<?xml version="1.0" encoding="UTF-8"?>
<!-- Generated by org.testng.reporters.JUnitReportReporter -->
<testsuite hostname="LAPTOP-SUKUAT4Q" failures="0" tests="8" name="workingWithUnitTestingTool.workingWithPriority" time="0.031" errors="0" timestamp="2024-03-07T16:03:24 IST" skipped="0">
  <testcase classname="workingWithUnitTestingTool.workingWithPriority" name="register" time="0.008"/>
  <system-out/>
  <testcase classname="workingWithUnitTestingTool.workingWithPriority" name="login" time="0.003"/>
  <system-out/>
  <testcase classname="workingWithUnitTestingTool.workingWithPriority" name="testcase2" time="0.001"/>
  <system-out/>
  <testcase classname="workingWithUnitTestingTool.workingWithPriority" name="searchProduct" time="0.002"/>
  <system-out/>
  <testcase classname="workingWithUnitTestingTool.workingWithPriority" name="testcase1" time="0.001"/>
  <system-out/>
  <testcase classname="workingWithUnitTestingTool.workingWithPriority" name="addToCart" time="0.006"/>
  <system-out/>
  <testcase classname="workingWithUnitTestingTool.workingWithPriority" name="payment" time="0.003"/>
  <system-out/>
  <testcase classname="workingWithUnitTestingTool.workingWithPriority" name="closeTheApp" time="0.007"/>
  <system-out/>
</testsuite> <!-- workingWithUnitTestingTool.workingWithPriority -->
