<?xml version="1.0" encoding="UTF-8"?>
<!-- Generated by org.testng.reporters.JUnitReportReporter -->
<testsuite hostname="LAPTOP-SUKUAT4Q" failures="0" tests="1" name="workingWithPOM.Tc_Reg_001" time="3.228" errors="0" timestamp="2024-03-19T16:51:49 IST" skipped="0">
  <testcase classname="workingWithPOM.Tc_Reg_001" name="register" time="3.228"/>
  <system-out/>
</testsuite> <!-- workingWithPOM.Tc_Reg_001 -->
