<?xml version="1.0" encoding="UTF-8"?>
<!-- Generated by org.testng.reporters.JUnitReportReporter -->
<testsuite hostname="LAPTOP-SUKUAT4Q" failures="0" tests="1" name="workingWithUnitTestingTool.DemoWebShop" time="5.434" errors="0" timestamp="2024-03-14T15:44:29 IST" skipped="0">
  <testcase classname="workingWithUnitTestingTool.DemoWebShop" name="login" time="5.434"/>
  <system-out/>
</testsuite> <!-- workingWithUnitTestingTool.DemoWebShop -->
