<?xml version="1.0" encoding="UTF-8"?>
<!-- Generated by org.testng.reporters.JUnitReportReporter -->
<testsuite hostname="LAPTOP-SUKUAT4Q" failures="0" tests="2" name="workingWithUnitTestingTool.WorkingWithChronologicalOrder" time="0.009" errors="0" timestamp="2024-03-08T16:08:01 IST" skipped="0">
  <testcase classname="workingWithUnitTestingTool.WorkingWithChronologicalOrder" name="test" time="0.004"/>
  <system-out/>
  <testcase classname="workingWithUnitTestingTool.WorkingWithChronologicalOrder" name="run" time="0.005"/>
  <system-out/>
</testsuite> <!-- workingWithUnitTestingTool.WorkingWithChronologicalOrder -->
