<?xml version="1.0" encoding="UTF-8"?>
<!-- Generated by org.testng.reporters.JUnitReportReporter -->
<testsuite hostname="LAPTOP-SUKUAT4Q" failures="0" tests="3" name="genericLib.ToLoginForMultipleUsers" time="36.006" errors="0" timestamp="2024-03-18T17:28:51 IST" skipped="0">
  <testcase classname="genericLib.ToLoginForMultipleUsers" name="Login" time="12.012"/>
  <system-out/>
  <testcase classname="genericLib.ToLoginForMultipleUsers" name="Login" time="12.203"/>
  <system-out/>
  <testcase classname="genericLib.ToLoginForMultipleUsers" name="Login" time="11.791"/>
  <system-out/>
</testsuite> <!-- genericLib.ToLoginForMultipleUsers -->
