<?xml version="1.0" encoding="UTF-8"?>
<!-- Generated by org.testng.reporters.JUnitReportReporter -->
<testsuite hostname="LAPTOP-SUKUAT4Q" failures="0" tests="1" name="testScript.ToRunGarmin" time="14.723" errors="0" timestamp="2024-03-12T16:36:36 IST" skipped="0">
  <testcase classname="testScript.ToRunGarmin" name="p1" time="14.723"/>
  <system-out/>
</testsuite> <!-- testScript.ToRunGarmin -->
