<?xml version="1.0" encoding="UTF-8"?>
<!-- Generated by org.testng.reporters.JUnitReportReporter -->
<testsuite hostname="LAPTOP-SUKUAT4Q" failures="0" tests="1" name="genericLib.ToReadDataFromPropertyFile" time="7.035" errors="0" timestamp="2024-03-18T15:40:24 IST" skipped="0">
  <testcase classname="genericLib.ToReadDataFromPropertyFile" name="ToOpenDemoShop" time="7.035"/>
  <system-out/>
</testsuite> <!-- genericLib.ToReadDataFromPropertyFile -->
