<?xml version="1.0" encoding="UTF-8"?>
<!-- Generated by org.testng.reporters.JUnitReportReporter -->
<testsuite hostname="LAPTOP-SUKUAT4Q" failures="0" tests="1" name="workingWithUnitTestingTool.WorkingWithHardAssert" time="14.178" errors="0" timestamp="2024-03-13T16:10:14 IST" skipped="0">
  <testcase classname="workingWithUnitTestingTool.WorkingWithHardAssert" name="login" time="14.178"/>
  <system-out>
    <![CDATA[USer is able to open Empty Browser
USer is able to maximize the Browser
USer is able to open BMW website]]>
  </system-out>
</testsuite> <!-- workingWithUnitTestingTool.WorkingWithHardAssert -->
