<?xml version="1.0" encoding="UTF-8"?>
<!-- Generated by org.testng.reporters.JUnitReportReporter -->
<testsuite hostname="LAPTOP-SUKUAT4Q" failures="0" tests="1" name="workingWithPOM.Tc_Search_001" time="7.348" errors="0" timestamp="2024-03-19T16:30:37 IST" skipped="0">
  <testcase classname="workingWithPOM.Tc_Search_001" name="searchProduct" time="7.348"/>
  <system-out/>
</testsuite> <!-- workingWithPOM.Tc_Search_001 -->
