<?xml version="1.0" encoding="UTF-8"?>
<!-- Generated by org.testng.reporters.JUnitReportReporter -->
<testsuite hostname="LAPTOP-SUKUAT4Q" failures="0" tests="5" name="workingWithUnitTestingTool.WorkingWithDependsOnMethod" time="0.012" errors="0" timestamp="2024-03-08T15:24:39 IST" skipped="0">
  <testcase classname="workingWithUnitTestingTool.WorkingWithDependsOnMethod" name="search" time="0.001"/>
  <system-out/>
  <testcase classname="workingWithUnitTestingTool.WorkingWithDependsOnMethod" name="login" time="0.001"/>
  <system-out/>
  <testcase classname="workingWithUnitTestingTool.WorkingWithDependsOnMethod" name="cart" time="0.002"/>
  <system-out/>
  <testcase classname="workingWithUnitTestingTool.WorkingWithDependsOnMethod" name="register" time="0.008"/>
  <system-out/>
  <testcase classname="workingWithUnitTestingTool.WorkingWithDependsOnMethod" name="payment" time="0.000"/>
  <system-out/>
</testsuite> <!-- workingWithUnitTestingTool.WorkingWithDependsOnMethod -->
