<?xml version="1.0" encoding="UTF-8"?>
<!-- Generated by org.testng.reporters.JUnitReportReporter -->
<testsuite hostname="LAPTOP-SUKUAT4Q" failures="0" tests="2" name="workingWithUnitTestingTool.WorkingWithDataProvider" time="0.008" errors="0" timestamp="2024-03-16T15:31:33 IST" skipped="0">
  <testcase classname="workingWithUnitTestingTool.WorkingWithDataProvider" name="dataDemo" time="0.002"/>
  <system-out/>
  <testcase classname="workingWithUnitTestingTool.WorkingWithDataProvider" name="dataDemo" time="0.006"/>
  <system-out/>
</testsuite> <!-- workingWithUnitTestingTool.WorkingWithDataProvider -->
