<?xml version="1.0" encoding="UTF-8"?>
<!-- Generated by org.testng.reporters.JUnitReportReporter -->
<testsuite hostname="LAPTOP-SUKUAT4Q" failures="0" tests="1" name="testScript.ToRunRollsRoyce" time="7.596" errors="0" timestamp="2024-03-12T16:36:36 IST" skipped="0">
  <testcase classname="testScript.ToRunRollsRoyce" name="p1" time="7.596"/>
  <system-out/>
</testsuite> <!-- testScript.ToRunRollsRoyce -->
