<?xml version="1.0" encoding="UTF-8"?>
<!-- Generated by org.testng.reporters.JUnitReportReporter -->
<testsuite hostname="LAPTOP-SUKUAT4Q" failures="0" tests="2" name="workingWithUnitTestingTool.WorkingWithDataProvider1" time="0.006" errors="0" timestamp="2024-03-16T15:34:05 IST" skipped="0">
  <testcase classname="workingWithUnitTestingTool.WorkingWithDataProvider1" name="dataDemo" time="0.001"/>
  <system-out/>
  <testcase classname="workingWithUnitTestingTool.WorkingWithDataProvider1" name="dataDemo" time="0.005"/>
  <system-out/>
</testsuite> <!-- workingWithUnitTestingTool.WorkingWithDataProvider1 -->
