<?xml version="1.0" encoding="UTF-8"?>
<!-- Generated by org.testng.reporters.JUnitReportReporter -->
<testsuite hostname="LAPTOP-SUKUAT4Q" failures="0" tests="1" name="genericLib.ToReadDataFromExcelSingleData" time="13.737" errors="0" timestamp="2024-03-18T16:14:55 IST" skipped="0">
  <testcase classname="genericLib.ToReadDataFromExcelSingleData" name="ToOpenDemoWebShop" time="13.737"/>
  <system-out/>
</testsuite> <!-- genericLib.ToReadDataFromExcelSingleData -->
