<?xml version="1.0" encoding="UTF-8"?>
<!-- Generated by org.testng.reporters.JUnitReportReporter -->
<testsuite hostname="LAPTOP-SUKUAT4Q" failures="0" tests="1" name="workingWithTestingProject.TC_Demo_002" time="20.289" errors="0" timestamp="2024-03-12T15:20:16 IST" skipped="0">
  <testcase classname="workingWithTestingProject.TC_Demo_002" name="validate_Wishlist" time="20.289"/>
  <system-out/>
</testsuite> <!-- workingWithTestingProject.TC_Demo_002 -->
