<?xml version="1.0" encoding="UTF-8"?>
<!-- Generated by org.testng.reporters.JUnitReportReporter -->
<testsuite hostname="LAPTOP-SUKUAT4Q" failures="0" tests="1" name="workingWithUnitTestingTool.WorkingWithHardAssertDemoWebShop" time="13.034" errors="0" timestamp="2024-03-14T15:37:00 IST" skipped="0">
  <testcase classname="workingWithUnitTestingTool.WorkingWithHardAssertDemoWebShop" name="login" time="13.034"/>
  <system-out>
    <![CDATA[USer is able to open Empty Browser
USer is able to maximize the Browser
USer is able to open DemoWebShop website]]>
  </system-out>
</testsuite> <!-- workingWithUnitTestingTool.WorkingWithHardAssertDemoWebShop -->
