<?xml version="1.0" encoding="UTF-8"?>
<!-- Generated by org.testng.reporters.JUnitReportReporter -->
<testsuite hostname="LAPTOP-SUKUAT4Q" failures="0" tests="1" name="workingWithTestingProject.TC_Demo_007" time="22.856" errors="0" timestamp="2024-03-15T16:34:22 IST" skipped="0">
  <testcase classname="workingWithTestingProject.TC_Demo_007" name="verifyRegistrationDetails" time="22.856"/>
  <system-out/>
</testsuite> <!-- workingWithTestingProject.TC_Demo_007 -->
