<?xml version="1.0" encoding="UTF-8"?>
<!-- Generated by org.testng.reporters.JUnitReportReporter -->
<testsuite hostname="LAPTOP-SUKUAT4Q" failures="0" tests="1" name="workingWithTestingProject.TC_Demo_001" time="16.923" errors="0" timestamp="2024-03-15T14:07:53 IST" skipped="0">
  <testcase classname="workingWithTestingProject.TC_Demo_001" name="validate_Wishlist" time="16.923"/>
  <system-out>
    <![CDATA[USer is able to click on Wishlist]]>
  </system-out>
</testsuite> <!-- workingWithTestingProject.TC_Demo_001 -->
