<?xml version="1.0" encoding="UTF-8"?>
<!-- Generated by org.testng.reporters.JUnitReportReporter -->
<testsuite hostname="LAPTOP-SUKUAT4Q" failures="0" tests="1" name="workingWithTestingProject.TC_Demo_004" time="17.441" errors="0" timestamp="2024-03-12T15:35:59 IST" skipped="0">
  <testcase classname="workingWithTestingProject.TC_Demo_004" name="validate_Wishlist" time="17.441"/>
  <system-out>
    <![CDATA[USer is able to click on Computers]]>
  </system-out>
</testsuite> <!-- workingWithTestingProject.TC_Demo_004 -->
