<?xml version="1.0" encoding="UTF-8"?>
<!-- Generated by org.testng.reporters.JUnitReportReporter -->
<testsuite hostname="LAPTOP-SUKUAT4Q" failures="0" tests="1" name="workingWithTestingProject.TC_Demo_005" time="26.849" errors="0" timestamp="2024-03-12T17:11:42 IST" skipped="0">
  <testcase classname="workingWithTestingProject.TC_Demo_005" name="validate_Wishlist" time="26.849"/>
  <system-out>
    <![CDATA[USer is able to mouseHover on Electronics
User is able to click on Cell phones]]>
  </system-out>
</testsuite> <!-- workingWithTestingProject.TC_Demo_005 -->
