<?xml version="1.0" encoding="UTF-8"?>
<!-- Generated by org.testng.reporters.JUnitReportReporter -->
<testsuite hostname="LAPTOP-SUKUAT4Q" failures="0" tests="1" name="workingWithUnitTestingTool.Groups" time="7.985" errors="0" timestamp="2024-03-08T16:39:52 IST" skipped="0">
  <testcase classname="workingWithUnitTestingTool.Groups" name="payment" time="7.985"/>
  <system-out/>
</testsuite> <!-- workingWithUnitTestingTool.Groups -->
