<?xml version="1.0" encoding="UTF-8"?>
<!-- Generated by org.testng.reporters.JUnitReportReporter -->
<testsuite hostname="LAPTOP-SUKUAT4Q" failures="0" tests="1" name="testScript.ToRunCadbury" time="8.932" errors="0" timestamp="2024-03-11T15:49:18 IST" skipped="0">
  <testcase classname="testScript.ToRunCadbury" name="p1" time="8.932"/>
  <system-out/>
</testsuite> <!-- testScript.ToRunCadbury -->
