<?xml version="1.0" encoding="UTF-8"?>
<!-- Generated by org.testng.reporters.JUnitReportReporter -->
<testsuite hostname="LAPTOP-SUKUAT4Q" failures="0" tests="1" name="workingWithPOM.program2" time="13.702" errors="0" timestamp="2024-03-21T15:00:11 IST" skipped="0">
  <testcase classname="workingWithPOM.program2" name="searchProduct" time="13.702"/>
  <system-out/>
</testsuite> <!-- workingWithPOM.program2 -->
