<?xml version="1.0" encoding="UTF-8"?>
<!-- Generated by org.testng.reporters.JUnitReportReporter -->
<testsuite hostname="LAPTOP-SUKUAT4Q" failures="0" tests="1" name="workingWithUnitTestingTool.WorkingWithCrossBrowserTesting2" time="9.687" errors="0" timestamp="2024-03-13T15:32:41 IST" skipped="0">
  <testcase classname="workingWithUnitTestingTool.WorkingWithCrossBrowserTesting2" name="browser" time="9.687"/>
  <system-out/>
</testsuite> <!-- workingWithUnitTestingTool.WorkingWithCrossBrowserTesting2 -->
