<?xml version="1.0" encoding="UTF-8"?>
<!-- Generated by org.testng.reporters.JUnitReportReporter -->
<testsuite hostname="LAPTOP-SUKUAT4Q" failures="0" tests="1" name="workingWithUnitTestingTool.WorkingWithCrossBrowserTesting1" time="13.758" errors="0" timestamp="2024-03-13T15:18:29 IST" skipped="0">
  <testcase classname="workingWithUnitTestingTool.WorkingWithCrossBrowserTesting1" name="browser" time="13.758"/>
  <system-out/>
</testsuite> <!-- workingWithUnitTestingTool.WorkingWithCrossBrowserTesting1 -->
